To honour the JVM settings for this build a single-use Daemon process will be forked. For more on this, please refer to https://docs.gradle.org/8.14.3/userguide/gradle_daemon.html#sec:disabling_the_daemon in the Gradle documentation.
Daemon will be stopped at the end of the build 
> Task :company:bootBuildInfo
> Task :company:checkKotlinGradlePluginConfigurationErrors SKIPPED
> Task :util:bootBuildInfo
> Task :util:checkKotlinGradlePluginConfigurationErrors SKIPPED
> Task :util:compileKotlin UP-TO-DATE
> Task :util:compileJava NO-SOURCE
> Task :util:processResources UP-TO-DATE
> Task :util:classes
> Task :util:jar
> Task :company:compileKotlin UP-TO-DATE
> Task :company:compileJava NO-SOURCE
> Task :company:processResources NO-SOURCE
> Task :company:classes
> Task :company:jar
> Task :company-lookup:bootBuildInfo
> Task :company-lookup:checkKotlinGradlePluginConfigurationErrors SKIPPED
> Task :company-lookup:compileKotlin UP-TO-DATE
> Task :company-lookup:compileJava NO-SOURCE
> Task :company-lookup:processResources NO-SOURCE
> Task :company-lookup:classes
> Task :company-lookup:jar
> Task :contact:bootBuildInfo
> Task :contact:checkKotlinGradlePluginConfigurationErrors SKIPPED
> Task :tenant:bootBuildInfo
> Task :tenant:checkKotlinGradlePluginConfigurationErrors SKIPPED
> Task :tenant:compileKotlin UP-TO-DATE
> Task :tenant:compileJava NO-SOURCE
> Task :tenant:processResources NO-SOURCE
> Task :tenant:classes
> Task :tenant:jar
> Task :contact:compileKotlin UP-TO-DATE
> Task :contact:compileJava NO-SOURCE
> Task :contact:processResources NO-SOURCE
> Task :contact:classes
> Task :contact:jar
> Task :ledger:bootBuildInfo
> Task :ledger:checkKotlinGradlePluginConfigurationErrors SKIPPED
> Task :ledger:compileKotlin UP-TO-DATE
> Task :ledger:compileJava NO-SOURCE
> Task :ledger:processResources UP-TO-DATE
> Task :ledger:classes
> Task :ledger:jar
> Task :user:bootBuildInfo
> Task :user:checkKotlinGradlePluginConfigurationErrors SKIPPED
> Task :user:compileKotlin UP-TO-DATE
> Task :user:compileJava NO-SOURCE
> Task :user:processResources NO-SOURCE
> Task :user:classes
> Task :user:jar
> Task :web-app:checkKotlinGradlePluginConfigurationErrors SKIPPED
> Task :web-app:compileKotlin UP-TO-DATE
> Task :web-app:compileJava NO-SOURCE
> Task :web-app:processResources UP-TO-DATE
> Task :web-app:classes UP-TO-DATE
> Task :web-app:resolveMainClassName UP-TO-DATE

> Task :web-app:bootRun
Standard Commons Logging discovery in action with spring-jcl: please remove commons-logging.jar from classpath in order to avoid potential conflicts

  .   ____          _            __ _ _
 /\\ / ___'_ __ _ _(_)_ __  __ _ \ \ \ \
( ( )\___ | '_ | '_| | '_ \/ _` | \ \ \ \
 \\/  ___)| |_)| | | | | || (_| |  ) ) ) )
  '  |____| .__|_| |_|_| |_\__, | / / / /
 =========|_|==============|___/=/_/_/_/

[32m :: Spring Boot :: [39m              [2m (v3.5.3)[0;39m

[2m2025-07-22T15:25:19.030+05:00[0;39m [32m INFO[0;39m [35m2054468[0;39m [2m--- [web-app] [           main] [0;39m[36mcom.respiroc.webapp.WebApplicationKt    [0;39m [2m:[0;39m Starting WebApplicationKt using Java 24.0.2 with PID 2054468 (/mnt/D/GitHub/freelancer-test-repo/web-app/build/classes/kotlin/main started by labib-kamran in /mnt/D/GitHub/freelancer-test-repo/web-app)
[2m2025-07-22T15:25:19.033+05:00[0;39m [32m INFO[0;39m [35m2054468[0;39m [2m--- [web-app] [           main] [0;39m[36mcom.respiroc.webapp.WebApplicationKt    [0;39m [2m:[0;39m The following 1 profile is active: "dev"
[2m2025-07-22T15:25:20.798+05:00[0;39m [32m INFO[0;39m [35m2054468[0;39m [2m--- [web-app] [           main] [0;39m[36m.s.d.r.c.RepositoryConfigurationDelegate[0;39m [2m:[0;39m Bootstrapping Spring Data JPA repositories in DEFAULT mode.
[2m2025-07-22T15:25:21.165+05:00[0;39m [32m INFO[0;39m [35m2054468[0;39m [2m--- [web-app] [           main] [0;39m[36m.s.d.r.c.RepositoryConfigurationDelegate[0;39m [2m:[0;39m Finished Spring Data repository scanning in 328 ms. Found 13 JPA repository interfaces.
[2m2025-07-22T15:25:23.632+05:00[0;39m [32m INFO[0;39m [35m2054468[0;39m [2m--- [web-app] [           main] [0;39m[36mo.s.b.w.embedded.tomcat.TomcatWebServer [0;39m [2m:[0;39m Tomcat initialized with port 8080 (http)
[2m2025-07-22T15:25:23.673+05:00[0;39m [32m INFO[0;39m [35m2054468[0;39m [2m--- [web-app] [           main] [0;39m[36mo.apache.catalina.core.StandardService  [0;39m [2m:[0;39m Starting service [Tomcat]
[2m2025-07-22T15:25:23.674+05:00[0;39m [32m INFO[0;39m [35m2054468[0;39m [2m--- [web-app] [           main] [0;39m[36mo.apache.catalina.core.StandardEngine   [0;39m [2m:[0;39m Starting Servlet engine: [Apache Tomcat/10.1.42]
[2m2025-07-22T15:25:23.781+05:00[0;39m [32m INFO[0;39m [35m2054468[0;39m [2m--- [web-app] [           main] [0;39m[36mo.a.c.c.C.[Tomcat].[localhost].[/]      [0;39m [2m:[0;39m Initializing Spring embedded WebApplicationContext
[2m2025-07-22T15:25:23.781+05:00[0;39m [32m INFO[0;39m [35m2054468[0;39m [2m--- [web-app] [           main] [0;39m[36mw.s.c.ServletWebServerApplicationContext[0;39m [2m:[0;39m Root WebApplicationContext: initialization completed in 4354 ms
Standard Commons Logging discovery in action with spring-jcl: please remove commons-logging.jar from classpath in order to avoid potential conflicts
[2m2025-07-22T15:25:24.477+05:00[0;39m [32m INFO[0;39m [35m2054468[0;39m [2m--- [web-app] [           main] [0;39m[36mcom.zaxxer.hikari.HikariDataSource      [0;39m [2m:[0;39m HikariPool-1 - Starting...
[2m2025-07-22T15:25:24.702+05:00[0;39m [32m INFO[0;39m [35m2054468[0;39m [2m--- [web-app] [           main] [0;39m[36mcom.zaxxer.hikari.pool.HikariPool       [0;39m [2m:[0;39m HikariPool-1 - Added connection org.postgresql.jdbc.PgConnection@16c8e9b8
[2m2025-07-22T15:25:24.704+05:00[0;39m [32m INFO[0;39m [35m2054468[0;39m [2m--- [web-app] [           main] [0;39m[36mcom.zaxxer.hikari.HikariDataSource      [0;39m [2m:[0;39m HikariPool-1 - Start completed.
[2m2025-07-22T15:25:24.740+05:00[0;39m [32m INFO[0;39m [35m2054468[0;39m [2m--- [web-app] [           main] [0;39m[36morg.flywaydb.core.FlywayExecutor        [0;39m [2m:[0;39m Database: jdbc:postgresql://localhost:5432/reai (PostgreSQL 17.5)
[2m2025-07-22T15:25:24.812+05:00[0;39m [32m INFO[0;39m [35m2054468[0;39m [2m--- [web-app] [           main] [0;39m[36mo.f.core.internal.command.DbValidate    [0;39m [2m:[0;39m Successfully validated 26 migrations (execution time 00:00.043s)
[2m2025-07-22T15:25:24.869+05:00[0;39m [32m INFO[0;39m [35m2054468[0;39m [2m--- [web-app] [           main] [0;39m[36mo.f.core.internal.command.DbMigrate     [0;39m [2m:[0;39m Current version of schema "public": 0.3.5
[2m2025-07-22T15:25:24.885+05:00[0;39m [32m INFO[0;39m [35m2054468[0;39m [2m--- [web-app] [           main] [0;39m[36mo.f.core.internal.command.DbMigrate     [0;39m [2m:[0;39m Schema "public" is up to date. No migration necessary.
[2m2025-07-22T15:25:25.094+05:00[0;39m [32m INFO[0;39m [35m2054468[0;39m [2m--- [web-app] [           main] [0;39m[36mo.hibernate.jpa.internal.util.LogHelper [0;39m [2m:[0;39m HHH000204: Processing PersistenceUnitInfo [name: default]
[2m2025-07-22T15:25:25.233+05:00[0;39m [32m INFO[0;39m [35m2054468[0;39m [2m--- [web-app] [           main] [0;39m[36morg.hibernate.Version                   [0;39m [2m:[0;39m HHH000412: Hibernate ORM core version 6.6.18.Final
[2m2025-07-22T15:25:25.291+05:00[0;39m [32m INFO[0;39m [35m2054468[0;39m [2m--- [web-app] [           main] [0;39m[36mo.h.c.internal.RegionFactoryInitiator   [0;39m [2m:[0;39m HHH000026: Second-level cache disabled
[2m2025-07-22T15:25:25.739+05:00[0;39m [32m INFO[0;39m [35m2054468[0;39m [2m--- [web-app] [           main] [0;39m[36mo.s.o.j.p.SpringPersistenceUnitInfo     [0;39m [2m:[0;39m No LoadTimeWeaver setup: ignoring JPA class transformer
[2m2025-07-22T15:25:25.983+05:00[0;39m [32m INFO[0;39m [35m2054468[0;39m [2m--- [web-app] [           main] [0;39m[36morg.hibernate.orm.connections.pooling   [0;39m [2m:[0;39m HHH10001005: Database info:
	Database JDBC URL [Connecting through datasource 'HikariDataSource (HikariPool-1)']
	Database driver: undefined/unknown
	Database version: 17.5
	Autocommit mode: undefined/unknown
	Isolation level: undefined/unknown
	Minimum pool size: undefined/unknown
	Maximum pool size: undefined/unknown
[2m2025-07-22T15:25:28.978+05:00[0;39m [32m INFO[0;39m [35m2054468[0;39m [2m--- [web-app] [           main] [0;39m[36mo.h.e.t.j.p.i.JtaPlatformInitiator      [0;39m [2m:[0;39m HHH000489: No JTA platform available (set 'hibernate.transaction.jta.platform' to enable JTA platform integration)
[2m2025-07-22T15:25:28.985+05:00[0;39m [32m INFO[0;39m [35m2054468[0;39m [2m--- [web-app] [           main] [0;39m[36mj.LocalContainerEntityManagerFactoryBean[0;39m [2m:[0;39m Initialized JPA EntityManagerFactory for persistence unit 'default'
[2m2025-07-22T15:25:29.944+05:00[0;39m [32m INFO[0;39m [35m2054468[0;39m [2m--- [web-app] [           main] [0;39m[36mo.s.d.j.r.query.QueryEnhancerFactory    [0;39m [2m:[0;39m Hibernate is in classpath; If applicable, HQL parser will be used.
WARNING: A terminally deprecated method in sun.misc.Unsafe has been called
WARNING: sun.misc.Unsafe::allocateMemory has been called by io.netty.util.internal.PlatformDependent0$2 (file:/home/labib-kamran/.gradle/caches/modules-2/files-2.1/io.netty/netty-common/4.1.122.Final/69c279440faa94ad5f5b498a73a90d209f821536/netty-common-4.1.122.Final.jar)
WARNING: Please consider reporting this to the maintainers of class io.netty.util.internal.PlatformDependent0$2
WARNING: sun.misc.Unsafe::allocateMemory will be removed in a future release
[2m2025-07-22T15:25:36.201+05:00[0;39m [32m INFO[0;39m [35m2054468[0;39m [2m--- [web-app] [           main] [0;39m[36mo.s.b.a.e.web.EndpointLinksResolver     [0;39m [2m:[0;39m Exposing 15 endpoints beneath base path '/actuator'
[2m2025-07-22T15:25:37.510+05:00[0;39m [32m INFO[0;39m [35m2054468[0;39m [2m--- [web-app] [           main] [0;39m[36mo.s.b.w.embedded.tomcat.TomcatWebServer [0;39m [2m:[0;39m Tomcat started on port 8080 (http) with context path '/'
[2m2025-07-22T15:25:37.557+05:00[0;39m [32m INFO[0;39m [35m2054468[0;39m [2m--- [web-app] [           main] [0;39m[36mcom.respiroc.webapp.WebApplicationKt    [0;39m [2m:[0;39m Started WebApplicationKt in 19.515 seconds (process running for 19.93)
[2m2025-07-22T15:25:39.650+05:00[0;39m [32m INFO[0;39m [35m2054468[0;39m [2m--- [web-app] [omcat-handler-0] [0;39m[36mo.a.c.c.C.[Tomcat].[localhost].[/]      [0;39m [2m:[0;39m Initializing Spring DispatcherServlet 'dispatcherServlet'
[2m2025-07-22T15:25:39.652+05:00[0;39m [32m INFO[0;39m [35m2054468[0;39m [2m--- [web-app] [omcat-handler-0] [0;39m[36mo.s.web.servlet.DispatcherServlet       [0;39m [2m:[0;39m Initializing Servlet 'dispatcherServlet'
[2m2025-07-22T15:25:39.656+05:00[0;39m [32m INFO[0;39m [35m2054468[0;39m [2m--- [web-app] [omcat-handler-0] [0;39m[36mo.s.web.servlet.DispatcherServlet       [0;39m [2m:[0;39m Completed initialization in 4 ms
